<?xml version="1.0" encoding="UTF-8"?>
<!-- Generated by org.testng.reporters.JUnitReportReporter -->
<testsuite hostname="MAA125CD0141R61" failures="0" tests="4" name="practice.seleniump" time="25.754" errors="0" timestamp="2022-03-24T19:35:42 IST" skipped="0">
  <testcase classname="practice.seleniump" name="launch" time="4.702"/>
  <system-out/>
  <testcase classname="practice.seleniump" name="launch" time="10.171"/>
  <system-out/>
  <testcase classname="practice.seleniump" name="launch" time="5.932"/>
  <system-out/>
  <testcase classname="practice.seleniump" name="launch" time="4.949"/>
  <system-out/>
</testsuite> <!-- practice.seleniump -->
